<?xml version="1.0" encoding="UTF-8"?>
<!-- Generated by org.testng.reporters.JUnitReportReporter -->
<testsuite skipped="0" hostname="TT-PC-Viet" name="Selenium_api.T01_CheckEnv" tests="1" failures="0" timestamp="23 Jul 2018 04:15:56 GMT" time="0.031" errors="0">
  <testcase name="TC_01_CheckUrlAndTitle" time="0.031" classname="Selenium_api.T01_CheckEnv"/>
</testsuite> <!-- Selenium_api.T01_CheckEnv -->
