<?xml version="1.0" encoding="UTF-8"?>
<!-- Generated by org.testng.reporters.JUnitReportReporter -->
<testsuite hostname="mrtuns-MBP.net.fpt" failures="0" tests="1" name="Selenium_api.T01_CheckEnv" time="0.040" errors="0" timestamp="15 Jul 2018 05:12:01 GMT" skipped="0">
  <testcase classname="Selenium_api.T01_CheckEnv" name="TC_01_CheckUrlAndTitle" time="0.040"/>
</testsuite> <!-- Selenium_api.T01_CheckEnv -->
